[2026-01-17T12:03:11.394Z] [RajaOngkir] Searching location: "Kota Bandung"
[2026-01-17T12:03:11.620Z] [RajaOngkir] Found: KOTA AGUNG, KOTA AGUNG (KOTA AGUNG PUSAT), TANGGAMUS, LAMPUNG, 35384 (ID: 76201, Type: undefined)
[2026-01-17T12:03:11.620Z] [RajaOngkir] Searching location: "Cirebon Kertawinangun"
[2026-01-17T12:03:11.687Z] [RajaOngkir] Found: KERTAWINANGUN, KEDAWUNG, CIREBON, JAWA BARAT, 45153 (ID: 17248, Type: undefined)
[2026-01-17T12:03:11.688Z] [RajaOngkir] Calculating cost: 76201 (undefined) -> 17248 (undefined), Weight: 570g
[2026-01-17T12:03:12.018Z] [RajaOngkir] Total options found: 15
[2026-01-17T12:06:40.945Z] [RajaOngkir] Searching location: "Kota Bandung"
[2026-01-17T12:06:41.187Z] [RajaOngkir] Found: KOTA AGUNG, KOTA AGUNG (KOTA AGUNG PUSAT), TANGGAMUS, LAMPUNG, 35384 (ID: 76201, Type: undefined)
[2026-01-17T12:06:41.188Z] [RajaOngkir] Searching location: "Cirebon Kertawinangun"
[2026-01-17T12:06:41.245Z] [RajaOngkir] Found: KERTAWINANGUN, KEDAWUNG, CIREBON, JAWA BARAT, 45153 (ID: 17248, Type: undefined)
[2026-01-17T12:06:41.246Z] [RajaOngkir] Calculating cost: 76201 (undefined) -> 17248 (undefined), Weight: 570g
[2026-01-17T12:06:41.589Z] [RajaOngkir] Total options found: 15
[2026-01-17T12:33:17.273Z] [RajaOngkir] Searching location: "Kota Bandung"
[2026-01-17T12:33:17.533Z] [RajaOngkir] Found: KOTA AGUNG, KOTA AGUNG (KOTA AGUNG PUSAT), TANGGAMUS, LAMPUNG, 35384 (ID: 76201, Type: undefined)
[2026-01-17T12:33:17.533Z] [RajaOngkir] Searching location: "Cirebon Kertawinangun"
[2026-01-17T12:33:17.631Z] [RajaOngkir] Found: KERTAWINANGUN, KEDAWUNG, CIREBON, JAWA BARAT, 45153 (ID: 17248, Type: undefined)
[2026-01-17T12:33:17.632Z] [RajaOngkir] Calculating cost: 76201 (undefined) -> 17248 (undefined), Weight: 570g
[2026-01-17T12:33:18.005Z] [RajaOngkir] Total options found: 15
[2026-01-17T12:33:23.047Z] [Env Check] RAJAONGKIR_API_KEY present: true
[2026-01-17T12:33:23.055Z] [Env Check] RAJAONGKIR_BASE_URL: https://rajaongkir.komerce.id/api/v1
[2026-01-17T12:34:16.177Z] [RajaOngkir] Searching location: "Kota Bandung"
[2026-01-17T12:34:16.387Z] [RajaOngkir] Found: KOTA AGUNG, KOTA AGUNG (KOTA AGUNG PUSAT), TANGGAMUS, LAMPUNG, 35384 (ID: 76201, Type: undefined)
[2026-01-17T12:34:16.387Z] [RajaOngkir] Searching location: "Cirebon Kertawinangun"
[2026-01-17T12:34:16.448Z] [RajaOngkir] Found: KERTAWINANGUN, KEDAWUNG, CIREBON, JAWA BARAT, 45153 (ID: 17248, Type: undefined)
[2026-01-17T12:34:16.448Z] [RajaOngkir] Calculating cost: 76201 (undefined) -> 17248 (undefined), Weight: 570g
[2026-01-17T12:34:16.753Z] [RajaOngkir] Total options found: 15
[2026-01-17T13:08:57.440Z] [Env Check] RAJAONGKIR_API_KEY present: false
[2026-01-17T13:08:57.443Z] [Env Check] RAJAONGKIR_BASE_URL: undefined
[2026-01-17T13:09:00.158Z] [Env Check] RAJAONGKIR_API_KEY present: false
[2026-01-17T13:09:00.161Z] [Env Check] RAJAONGKIR_BASE_URL: undefined
[2026-01-17T13:10:38.075Z] [Env Check] RAJAONGKIR_API_KEY present: false
[2026-01-17T13:10:38.083Z] [Env Check] RAJAONGKIR_BASE_URL: undefined
[2026-01-17T13:12:07.358Z] [RajaOngkir] Searching location: "Kota Bandung"
[2026-01-17T13:12:10.097Z] [RajaOngkir] Error searching location: {"meta":{"message":"Invalid API key, key not found","code":401,"status":"failed"},"data":null}
[2026-01-17T13:12:10.100Z] [RajaOngkir] Searching location: "Kota Bandung"
[2026-01-17T13:12:10.173Z] [RajaOngkir] Error searching location: {"meta":{"message":"Invalid API key, key not found","code":401,"status":"failed"},"data":null}
[2026-01-17T13:14:56.141Z] [Env Check] RAJAONGKIR_API_KEY present: true
[2026-01-17T13:14:56.146Z] [Env Check] RAJAONGKIR_BASE_URL: https://rajaongkir.komerce.id/api/v1
[2026-01-17T13:15:10.019Z] [RajaOngkir] Searching location: "Kota Bandung"
[2026-01-17T13:15:10.752Z] [RajaOngkir] Found: KOTA AGUNG, KOTA AGUNG (KOTA AGUNG PUSAT), TANGGAMUS, LAMPUNG, 35384 (ID: 76201, Type: undefined)
[2026-01-17T13:15:10.753Z] [RajaOngkir] Searching location: "Kota Bandung"
[2026-01-17T13:15:11.176Z] [RajaOngkir] Found: KOTA AGUNG, KOTA AGUNG (KOTA AGUNG PUSAT), TANGGAMUS, LAMPUNG, 35384 (ID: 76201, Type: undefined)
[2026-01-17T13:15:11.178Z] [RajaOngkir] Calculating cost: 76201 (undefined) -> 76201 (undefined), Weight: 570g
[2026-01-17T13:15:11.637Z] [RajaOngkir] Total options found: 12
[2026-01-17T13:55:15.068Z] [Env Check] RAJAONGKIR_API_KEY present: true
[2026-01-17T13:55:15.111Z] [Env Check] RAJAONGKIR_BASE_URL: https://rajaongkir.komerce.id/api/v1
[2026-01-17T14:19:48.236Z] [Env Check] RAJAONGKIR_API_KEY present: true
[2026-01-17T14:19:48.238Z] [Env Check] RAJAONGKIR_BASE_URL: https://rajaongkir.komerce.id/api/v1
[2026-01-17T14:19:50.791Z] [Env Check] RAJAONGKIR_API_KEY present: true
[2026-01-17T14:19:50.792Z] [Env Check] RAJAONGKIR_BASE_URL: https://rajaongkir.komerce.id/api/v1
[2026-01-17T14:21:13.999Z] [Env Check] RAJAONGKIR_API_KEY present: true
[2026-01-17T14:21:14.009Z] [Env Check] RAJAONGKIR_BASE_URL: https://rajaongkir.komerce.id/api/v1
[2026-01-17T14:53:42.183Z] [Env Check] RAJAONGKIR_API_KEY present: true
[2026-01-17T14:53:42.194Z] [Env Check] RAJAONGKIR_BASE_URL: https://rajaongkir.komerce.id/api/v1
[2026-01-17T15:39:06.873Z] [Env Check] RAJAONGKIR_API_KEY present: true
[2026-01-17T15:39:06.886Z] [Env Check] RAJAONGKIR_BASE_URL: https://rajaongkir.komerce.id/api/v1
[2026-01-17T15:39:09.257Z] [Env Check] RAJAONGKIR_API_KEY present: true
[2026-01-17T15:39:09.258Z] [Env Check] RAJAONGKIR_BASE_URL: https://rajaongkir.komerce.id/api/v1
[2026-01-17T15:39:36.518Z] [Env Check] RAJAONGKIR_API_KEY present: true
[2026-01-17T15:39:36.522Z] [Env Check] RAJAONGKIR_BASE_URL: https://rajaongkir.komerce.id/api/v1
[2026-01-17T15:39:44.448Z] [Env Check] RAJAONGKIR_API_KEY present: true
[2026-01-17T15:39:44.489Z] [Env Check] RAJAONGKIR_BASE_URL: https://rajaongkir.komerce.id/api/v1
[2026-01-17T15:44:46.921Z] [Env Check] RAJAONGKIR_API_KEY present: true
[2026-01-17T15:44:46.932Z] [Env Check] RAJAONGKIR_BASE_URL: https://rajaongkir.komerce.id/api/v1
[2026-01-17T16:01:34.150Z] [Env Check] RAJAONGKIR_API_KEY present: true
[2026-01-17T16:01:34.163Z] [Env Check] RAJAONGKIR_BASE_URL: https://rajaongkir.komerce.id/api/v1
[2026-01-17T16:40:59.514Z] [Env Check] RAJAONGKIR_API_KEY present: true
[2026-01-17T16:40:59.568Z] [Env Check] RAJAONGKIR_BASE_URL: https://rajaongkir.komerce.id/api/v1
[2026-01-17T16:41:02.118Z] [Env Check] RAJAONGKIR_API_KEY present: true
[2026-01-17T16:41:02.120Z] [Env Check] RAJAONGKIR_BASE_URL: https://rajaongkir.komerce.id/api/v1
[2026-01-17T16:41:30.025Z] [Env Check] RAJAONGKIR_API_KEY present: true
[2026-01-17T16:41:30.037Z] [Env Check] RAJAONGKIR_BASE_URL: https://rajaongkir.komerce.id/api/v1
[2026-01-17T16:55:10.468Z] [Env Check] RAJAONGKIR_API_KEY present: true
[2026-01-17T16:55:10.486Z] [Env Check] RAJAONGKIR_BASE_URL: https://rajaongkir.komerce.id/api/v1
[2026-01-17T16:58:32.013Z] [Env Check] RAJAONGKIR_API_KEY present: true
[2026-01-17T16:58:32.022Z] [Env Check] RAJAONGKIR_BASE_URL: https://rajaongkir.komerce.id/api/v1
[2026-01-17T17:02:35.214Z] [Env Check] RAJAONGKIR_API_KEY present: true
[2026-01-17T17:02:35.223Z] [Env Check] RAJAONGKIR_BASE_URL: https://rajaongkir.komerce.id/api/v1
[2026-01-17T17:03:20.318Z] [Env Check] RAJAONGKIR_API_KEY present: true
[2026-01-17T17:03:20.330Z] [Env Check] RAJAONGKIR_BASE_URL: https://rajaongkir.komerce.id/api/v1
[2026-01-17T17:11:26.806Z] [Env Check] RAJAONGKIR_API_KEY present: true
[2026-01-17T17:11:26.825Z] [Env Check] RAJAONGKIR_BASE_URL: https://rajaongkir.komerce.id/api/v1
[2026-01-17T17:16:50.712Z] [RajaOngkir] Searching location: "Kota Bandung"
[2026-01-17T17:16:51.057Z] [RajaOngkir] Found: KOTA AGUNG, KOTA AGUNG (KOTA AGUNG PUSAT), TANGGAMUS, LAMPUNG, 35384 (ID: 76201, Type: undefined)
[2026-01-17T17:16:51.058Z] [RajaOngkir] Searching location: "Cirebon Kertawinangun"
[2026-01-17T17:16:51.117Z] [RajaOngkir] Found: KERTAWINANGUN, KEDAWUNG, CIREBON, JAWA BARAT, 45153 (ID: 17248, Type: undefined)
[2026-01-17T17:16:51.118Z] [RajaOngkir] Calculating cost: 76201 (undefined) -> 17248 (undefined), Weight: 570g
[2026-01-17T17:16:51.436Z] [RajaOngkir] Total options found: 15
[2026-01-17T17:53:18.350Z] [Env Check] RAJAONGKIR_API_KEY present: true
[2026-01-17T17:53:18.360Z] [Env Check] RAJAONGKIR_BASE_URL: https://rajaongkir.komerce.id/api/v1
[2026-01-17T17:53:20.785Z] [Env Check] RAJAONGKIR_API_KEY present: true
[2026-01-17T17:53:20.787Z] [Env Check] RAJAONGKIR_BASE_URL: https://rajaongkir.komerce.id/api/v1
[2026-01-17T18:06:57.243Z] [Env Check] RAJAONGKIR_API_KEY present: true
[2026-01-17T18:06:57.246Z] [Env Check] RAJAONGKIR_BASE_URL: https://rajaongkir.komerce.id/api/v1
[2026-01-17T18:08:14.873Z] [Env Check] RAJAONGKIR_API_KEY present: true
[2026-01-17T18:08:14.876Z] [Env Check] RAJAONGKIR_BASE_URL: https://rajaongkir.komerce.id/api/v1
[2026-01-18T03:42:23.734Z] [Env Check] RAJAONGKIR_API_KEY present: true
[2026-01-18T03:42:23.736Z] [Env Check] RAJAONGKIR_BASE_URL: https://rajaongkir.komerce.id/api/v1
[2026-01-18T03:42:25.661Z] [Env Check] RAJAONGKIR_API_KEY present: true
[2026-01-18T03:42:25.663Z] [Env Check] RAJAONGKIR_BASE_URL: https://rajaongkir.komerce.id/api/v1
[2026-01-18T03:49:52.737Z] [Env Check] RAJAONGKIR_API_KEY present: true
[2026-01-18T03:49:52.739Z] [Env Check] RAJAONGKIR_BASE_URL: https://rajaongkir.komerce.id/api/v1
[2026-01-18T04:04:15.400Z] [Env Check] RAJAONGKIR_API_KEY present: true
[2026-01-18T04:04:15.402Z] [Env Check] RAJAONGKIR_BASE_URL: https://rajaongkir.komerce.id/api/v1
[2026-01-18T04:04:17.322Z] [Env Check] RAJAONGKIR_API_KEY present: true
[2026-01-18T04:04:17.324Z] [Env Check] RAJAONGKIR_BASE_URL: https://rajaongkir.komerce.id/api/v1
